<?xml version="1.0" encoding="UTF-8"?>
<!-- Generated by org.testng.reporters.JUnitXMLReporter -->
<testsuite ignored="3" hostname="DESKTOP-5OU80G3" failures="0" tests="1" name="Default test" time="13.126" errors="0" timestamp="2022-01-18T17:19:50 IST">
  <testcase classname="com.qa.opencart.tests.ProductInfoTest" name="getProductInfoTest" time="5.254"/>
  <testcase classname="com.qa.opencart.tests.ProductInfoTest" name="productCountTest" time="0.0">
    <ignored/>
  </testcase> <!-- productCountTest -->
  <testcase classname="com.qa.opencart.tests.ProductInfoTest" name="productImagesTest" time="0.0">
    <ignored/>
  </testcase> <!-- productImagesTest -->
  <testcase classname="com.qa.opencart.tests.ProductInfoTest" name="productInfoHeaderTest" time="0.0">
    <ignored/>
  </testcase> <!-- productInfoHeaderTest -->
</testsuite> <!-- Default test -->
