<?xml version="1.0" encoding="UTF-8"?>
<!-- Generated by org.testng.reporters.JUnitXMLReporter -->
<testsuite ignored="0" hostname="DESKTOP-5OU80G3" failures="0" tests="4" name="Default test" time="11.805" errors="0" timestamp="2022-01-21T10:39:08 IST">
  <testcase classname="com.qa.opencart.tests.AccountsPageTest" name="accountPageTitleTest" time="0.022"/>
  <testcase classname="com.qa.opencart.tests.AccountsPageTest" name="accountPageHeaderTest" time="0.051"/>
  <testcase classname="com.qa.opencart.tests.AccountsPageTest" name="accSectionListTest" time="0.098"/>
  <testcase classname="com.qa.opencart.tests.AccountsPageTest" name="logoutLinkTest" time="0.076"/>
</testsuite> <!-- Default test -->
