<?xml version="1.0" encoding="UTF-8"?>
<testng-results ignored="0" total="3" passed="3" failed="0" skipped="0">
  <reporter-output>
  </reporter-output>
  <suite started-at="2022-01-16T17:28:22 IST" name="Default suite" finished-at="2022-01-16T17:28:41 IST" duration-ms="19031">
    <groups>
    </groups>
    <test started-at="2022-01-16T17:28:22 IST" name="Default test" finished-at="2022-01-16T17:28:41 IST" duration-ms="19031">
      <class name="com.qa.opencart.tests.AccountsPageTest">
        <test-method is-config="true" signature="setup()[pri:0, instance:com.qa.opencart.tests.AccountsPageTest@bd4dc25]" started-at="2022-01-16T17:28:22 IST" name="setup" finished-at="2022-01-16T17:28:37 IST" duration-ms="14932" status="PASS">
          <reporter-output>
          </reporter-output>
        </test-method> <!-- setup -->
        <test-method is-config="true" signature="accPageSetup()[pri:0, instance:com.qa.opencart.tests.AccountsPageTest@bd4dc25]" started-at="2022-01-16T17:28:37 IST" name="accPageSetup" finished-at="2022-01-16T17:28:40 IST" duration-ms="2909" status="PASS">
          <reporter-output>
          </reporter-output>
        </test-method> <!-- accPageSetup -->
        <test-method signature="accSectionListTest()[pri:0, instance:com.qa.opencart.tests.AccountsPageTest@bd4dc25]" started-at="2022-01-16T17:28:40 IST" name="accSectionListTest" finished-at="2022-01-16T17:28:40 IST" duration-ms="82" status="PASS">
          <reporter-output>
          </reporter-output>
        </test-method> <!-- accSectionListTest -->
        <test-method signature="accountPageTitleTest()[pri:1, instance:com.qa.opencart.tests.AccountsPageTest@bd4dc25]" started-at="2022-01-16T17:28:40 IST" name="accountPageTitleTest" finished-at="2022-01-16T17:28:40 IST" duration-ms="9" status="PASS">
          <reporter-output>
          </reporter-output>
        </test-method> <!-- accountPageTitleTest -->
        <test-method signature="accountPageHeaderTest()[pri:2, instance:com.qa.opencart.tests.AccountsPageTest@bd4dc25]" started-at="2022-01-16T17:28:40 IST" name="accountPageHeaderTest" finished-at="2022-01-16T17:28:40 IST" duration-ms="36" status="PASS">
          <reporter-output>
          </reporter-output>
        </test-method> <!-- accountPageHeaderTest -->
        <test-method is-config="true" signature="tearDown()[pri:0, instance:com.qa.opencart.tests.AccountsPageTest@bd4dc25]" started-at="2022-01-16T17:28:40 IST" name="tearDown" finished-at="2022-01-16T17:28:41 IST" duration-ms="1001" status="PASS">
          <reporter-output>
          </reporter-output>
        </test-method> <!-- tearDown -->
      </class> <!-- com.qa.opencart.tests.AccountsPageTest -->
    </test> <!-- Default test -->
  </suite> <!-- Default suite -->
</testng-results>
