<?xml version="1.0" encoding="UTF-8"?>
<testng-results ignored="3" total="4" passed="1" failed="0" skipped="0">
  <reporter-output>
  </reporter-output>
  <suite started-at="2022-01-18T17:19:37 IST" name="Default suite" finished-at="2022-01-18T17:19:50 IST" duration-ms="13126">
    <groups>
    </groups>
    <test started-at="2022-01-18T17:19:37 IST" name="Default test" finished-at="2022-01-18T17:19:50 IST" duration-ms="13126">
      <class name="com.qa.opencart.tests.ProductInfoTest">
        <test-method is-config="true" signature="setup()[pri:0, instance:com.qa.opencart.tests.ProductInfoTest@50eac852]" started-at="2022-01-18T17:19:37 IST" name="setup" finished-at="2022-01-18T17:19:41 IST" duration-ms="3965" status="PASS">
          <reporter-output>
          </reporter-output>
        </test-method> <!-- setup -->
        <test-method is-config="true" signature="productInfoSetup()[pri:0, instance:com.qa.opencart.tests.ProductInfoTest@50eac852]" started-at="2022-01-18T17:19:41 IST" name="productInfoSetup" finished-at="2022-01-18T17:19:44 IST" duration-ms="3089" status="PASS">
          <reporter-output>
          </reporter-output>
        </test-method> <!-- productInfoSetup -->
        <test-method signature="getProductInfoTest()[pri:0, instance:com.qa.opencart.tests.ProductInfoTest@50eac852]" started-at="2022-01-18T17:19:44 IST" name="getProductInfoTest" finished-at="2022-01-18T17:19:50 IST" duration-ms="5254" status="PASS">
          <reporter-output>
          </reporter-output>
        </test-method> <!-- getProductInfoTest -->
        <test-method is-config="true" signature="tearDown()[pri:0, instance:com.qa.opencart.tests.ProductInfoTest@50eac852]" started-at="2022-01-18T17:19:50 IST" name="tearDown" finished-at="2022-01-18T17:19:50 IST" duration-ms="780" status="PASS">
          <reporter-output>
          </reporter-output>
        </test-method> <!-- tearDown -->
      </class> <!-- com.qa.opencart.tests.ProductInfoTest -->
    </test> <!-- Default test -->
  </suite> <!-- Default suite -->
</testng-results>
